SyntaxError: Expected property name or '}' in JSON at position 2 (line 1 column 3)
    at JSON.parse (<anonymous>)
    at parse (D:\Codebuddy_Repository\data_entry\node_modules\body-parser\lib\types\json.js:92:19)
    at D:\Codebuddy_Repository\data_entry\node_modules\body-parser\lib\read.js:128:18
    at AsyncResource.runInAsyncScope (node:async_hooks:214:14)
    at invokeCallback (D:\Codebuddy_Repository\data_entry\node_modules\raw-body\index.js:238:16)
    at done (D:\Codebuddy_Repository\data_entry\node_modules\raw-body\index.js:227:7)
    at IncomingMessage.onEnd (D:\Codebuddy_Repository\data_entry\node_modules\raw-body\index.js:287:7)
    at IncomingMessage.emit (node:events:519:28)
    at endReadableNT (node:internal/streams/readable:1698:12)
    at process.processTicksAndRejections (node:internal/process/task_queues:90:21) {
  expose: true,
  statusCode: 400,
  status: 400,
  body: '{ name:????1,gender:?,course:????1?,contact:13800138000,remarks:??}',
  type: 'entity.parse.failed'
}
SyntaxError: Expected property name or '}' in JSON at position 2 (line 1 column 3)
    at JSON.parse (<anonymous>)
    at parse (D:\Codebuddy_Repository\data_entry\node_modules\body-parser\lib\types\json.js:92:19)
    at D:\Codebuddy_Repository\data_entry\node_modules\body-parser\lib\read.js:128:18
    at AsyncResource.runInAsyncScope (node:async_hooks:214:14)
    at invokeCallback (D:\Codebuddy_Repository\data_entry\node_modules\raw-body\index.js:238:16)
    at done (D:\Codebuddy_Repository\data_entry\node_modules\raw-body\index.js:227:7)
    at IncomingMessage.onEnd (D:\Codebuddy_Repository\data_entry\node_modules\raw-body\index.js:287:7)
    at IncomingMessage.emit (node:events:519:28)
    at endReadableNT (node:internal/streams/readable:1698:12)
    at process.processTicksAndRejections (node:internal/process/task_queues:90:21) {
  expose: true,
  statusCode: 400,
  status: 400,
  body: '{ name:????1,gender:?,course:????1?,contact:13800138000,remarks:??}',
  type: 'entity.parse.failed'
}
SyntaxError: Expected property name or '}' in JSON at position 2 (line 1 column 3)
    at JSON.parse (<anonymous>)
    at parse (D:\Codebuddy_Repository\data_entry\node_modules\body-parser\lib\types\json.js:92:19)
    at D:\Codebuddy_Repository\data_entry\node_modules\body-parser\lib\read.js:128:18
    at AsyncResource.runInAsyncScope (node:async_hooks:214:14)
    at invokeCallback (D:\Codebuddy_Repository\data_entry\node_modules\raw-body\index.js:238:16)
    at done (D:\Codebuddy_Repository\data_entry\node_modules\raw-body\index.js:227:7)
    at IncomingMessage.onEnd (D:\Codebuddy_Repository\data_entry\node_modules\raw-body\index.js:287:7)
    at IncomingMessage.emit (node:events:519:28)
    at endReadableNT (node:internal/streams/readable:1698:12)
    at process.processTicksAndRejections (node:internal/process/task_queues:90:21) {
  expose: true,
  statusCode: 400,
  status: 400,
  body: '{ name:测试用户1,gender:男,course:少儿编程1班,contact:13800138000,remarks:首测}',
  type: 'entity.parse.failed'
}
SyntaxError: Expected property name or '}' in JSON at position 2 (line 1 column 3)
    at JSON.parse (<anonymous>)
    at parse (D:\Codebuddy_Repository\data_entry\node_modules\body-parser\lib\types\json.js:92:19)
    at D:\Codebuddy_Repository\data_entry\node_modules\body-parser\lib\read.js:128:18
    at AsyncResource.runInAsyncScope (node:async_hooks:214:14)
    at invokeCallback (D:\Codebuddy_Repository\data_entry\node_modules\raw-body\index.js:238:16)
    at done (D:\Codebuddy_Repository\data_entry\node_modules\raw-body\index.js:227:7)
    at IncomingMessage.onEnd (D:\Codebuddy_Repository\data_entry\node_modules\raw-body\index.js:287:7)
    at IncomingMessage.emit (node:events:519:28)
    at endReadableNT (node:internal/streams/readable:1698:12)
    at process.processTicksAndRejections (node:internal/process/task_queues:90:21) {
  expose: true,
  statusCode: 400,
  status: 400,
  body: '{ name:测试用户2,gender:女,course:机器人社团,contact:13800138002,remarks:正向}',
  type: 'entity.parse.failed'
}
